<?xml version="1.0" encoding="UTF-8"?>
<!-- Generated by org.testng.reporters.JUnitReportReporter -->
<testsuite hostname="DESKTOP-DH252H2" failures="0" tests="1" name="org.example.LoginUserTest" time="42.606" errors="0" timestamp="2022-10-24T15:21:14 EEST" skipped="0">
  <testcase classname="org.example.LoginUserTest" name="loginUserTest" time="42.606"/>
  <system-out/>
</testsuite> <!-- org.example.LoginUserTest -->
